[19:22:47] [main/INFO]: Loading Minecraft 1.18.2 with Fabric Loader 0.14.6
[19:22:47] [ForkJoinPool-1-worker-5/WARN]: Mod carpet-fixes uses the version 1.18.x-1.7.9 which isn't compatible with Loader's extended semantic version format (Could not parse version number component 'x'!), SemVer is recommended for reliably evaluating dependencies and prioritizing newer version
[19:22:47] [main/INFO]: Loading 74 mods:
	- adventure-platform-fabric 5.2.1 via floodgate
	- c2me 0.2.0+alpha.7.0
	- carpet 1.4.69
	- carpet-extra 1.4.72
	- carpet-fixes 1.18.x-1.7.9
	- cloud 1.7.0-SNAPSHOT via tabtps-fabric
	- cloud_commandframework_cloud-brigadier_ 1.7.0-SNAPSHOT via cloud
	- cloud_commandframework_cloud-core_ 1.7.0-SNAPSHOT via cloud
	- cloud_commandframework_cloud-minecraft-extras 1.7.0-SNAPSHOT via tabtps-fabric
	- cloud_commandframework_cloud-services_ 1.7.0-SNAPSHOT via cloud
	- clumps 8.0.0+7
	- com_github_llamalad7_mixinextras 0.0.6 via carpet-fixes
	- com_ishland_c2me_libs_ 0.2.0+alpha.7.0 via c2me
	- com_typesafe_config 1.4.2 via tabtps-fabric
	- com_velocitypowered_velocity-native 1.1.0-SNAPSHOT via krypton
	- conditional-mixin 0.1.5 via carpet-fixes
	- fabric 0.54.0+1.18.2
	- fabric-api-base 0.4.4+d7c144a860 via fabric
	- fabric-api-lookup-api-v1 1.6.1+2373a54560 via fabric
	- fabric-biome-api-v1 8.0.4+7b0f312660 via fabric
	- fabric-command-api-v1 1.1.9+d7c144a860 via fabric
	- fabric-commands-v0 0.2.8+b4f4f6cd60 via fabric
	- fabric-containers-v0 0.1.21+d7c144a860 via fabric
	- fabric-content-registries-v0 3.0.6+d82b939260 via fabric
	- fabric-convention-tags-v1 1.0.1+474e4f7960 via fabric
	- fabric-crash-report-info-v1 0.2.1+ee261a3e60 via fabric
	- fabric-dimensions-v1 2.1.19+ffb2c71e60 via fabric
	- fabric-entity-events-v1 1.4.8+d7c144a860 via fabric
	- fabric-events-interaction-v0 0.4.19+d7c144a860 via fabric
	- fabric-events-lifecycle-v0 0.2.16+d7c144a860 via fabric
	- fabric-game-rule-api-v1 1.0.13+d7c144a860 via fabric
	- fabric-item-api-v1 1.5.0+85719ab760 via fabric
	- fabric-item-groups-v0 0.3.13+91896a4960 via fabric
	- fabric-lifecycle-events-v1 2.0.4+d8d7804a60 via fabric
	- fabric-loot-api-v2 1.0.0+e747827960 via fabric
	- fabric-loot-tables-v1 1.1.0+e747827960 via fabric
	- fabric-mining-level-api-v1 2.1.2+81ea5b3c60 via fabric
	- fabric-networking-api-v1 1.0.21+d882b91560 via fabric
	- fabric-networking-v0 0.3.8+b4f4f6cd60 via fabric
	- fabric-object-builder-api-v1 2.1.2+032c981d60 via fabric
	- fabric-particles-v1 0.2.12+526dc1ac60 via fabric
	- fabric-permissions-api-v0 0.1-SNAPSHOT via cloud
	- fabric-registry-sync-v0 0.9.8+0d9ab37260 via fabric
	- fabric-rendering-data-attachment-v1 0.3.7+d7c144a860 via fabric
	- fabric-rendering-fluids-v1 2.0.2+54e5b2ec60 via fabric
	- fabric-resource-conditions-api-v1 2.0.3+91b7aa6660 via fabric
	- fabric-resource-loader-v0 0.5.1+e747827960 via fabric
	- fabric-screen-handler-api-v1 1.2.0+1f6558e860 via fabric
	- fabric-transfer-api-v1 1.6.2+f4563ac860 via fabric
	- fabric-transitive-access-wideners-v1 1.1.0+e747827960 via fabric
	- fabricloader 0.14.6
	- ferritecore 4.2.0
	- floodgate 2.1.0-SNAPSHOT
	- geyser-fabric 2.0.3-SNAPSHOT
	- io_leangen_geantyref_geantyref 1.3.13 via cloud
	- java 17
	- krypton 0.1.9
	- lazydfu 0.1.2
	- minecraft 1.18.2
	- net_kyori_adventure-api 4.10.1 via adventure-platform-fabric
	- net_kyori_adventure-key 4.10.1 via adventure-platform-fabric
	- net_kyori_adventure-platform-api 4.1.0 via adventure-platform-fabric
	- net_kyori_adventure-serializer-configurate4 4.10.1 via tabtps-fabric
	- net_kyori_adventure-text-feature-pagination 4.0.0-SNAPSHOT via tabtps-fabric
	- net_kyori_adventure-text-minimessage 4.10.1 via adventure-platform-fabric
	- net_kyori_adventure-text-serializer-gson 4.10.1 via adventure-platform-fabric
	- net_kyori_adventure-text-serializer-legacy 4.10.1 via tabtps-fabric
	- net_kyori_adventure-text-serializer-plain 4.10.1 via adventure-platform-fabric
	- net_kyori_examination-api 1.3.0 via adventure-platform-fabric
	- net_kyori_examination-string 1.3.0 via adventure-platform-fabric
	- org_spongepowered_configurate-core 4.1.2 via tabtps-fabric
	- org_spongepowered_configurate-hocon 4.1.2 via tabtps-fabric
	- starlight 1.0.2+fabric.89b8d9f
	- tabtps-fabric 1.3.13
[19:22:47] [main/INFO]: SpongePowered MIXIN Subsystem Version=0.8.5 Source=file:/D:/minecraft%20server/libraries/net/fabricmc/sponge-mixin/0.11.4+mixin.0.8.5/sponge-mixin-0.11.4+mixin.0.8.5.jar Service=Knot/Fabric Env=SERVER
[19:22:47] [main/INFO]: Compatibility level set to JAVA_16
[19:22:47] [main/INFO]: Compatibility level set to JAVA_17
[19:22:48] [main/INFO]: Configuration loaded successfully after 206.4312ms
[19:22:48] [main/INFO]: Successfully loaded configuration for C2ME
[19:22:48] [main/INFO]: Initializing C2ME Compatibility Module
[19:22:48] [main/INFO]: Adding mixins: [None]
[19:22:51] [main/WARN]: Method overwrite conflict for method_5800 in carpet-fixes.mixins.json:itemFixes.ItemEntity_lightningKillsDropsMixin from mod carpet-fixes, previously written by carpet.mixins.ItemEntityMixin. Skipping method.
[19:22:59] [main/INFO]: Compression will use Java 11, encryption will use Java
[19:22:59] [main/INFO]: Done initializing TabTPS.
[19:22:59] [main/INFO]: Krypton is now accelerating your Minecraft server's networking stack ?
[19:22:59] [main/INFO]: Environment: authHost='https://authserver.mojang.com', accountsHost='https://api.mojang.com', sessionHost='https://sessionserver.mojang.com', servicesHost='https://api.minecraftservices.com', name='PROD'
[19:23:01] [main/WARN]: Ambiguity between arguments [teleport, location] and [teleport, destination] with inputs: [0.1 -0.5 .9, 0 0 0]
[19:23:01] [main/WARN]: Ambiguity between arguments [teleport, location] and [teleport, targets] with inputs: [0.1 -0.5 .9, 0 0 0]
[19:23:01] [main/WARN]: Ambiguity between arguments [teleport, destination] and [teleport, targets] with inputs: [Player, 0123, @e, dd12be42-52a9-4a91-a8a1-11c01849e498]
[19:23:01] [main/WARN]: Ambiguity between arguments [teleport, targets] and [teleport, destination] with inputs: [Player, 0123, dd12be42-52a9-4a91-a8a1-11c01849e498]
[19:23:01] [main/WARN]: Ambiguity between arguments [teleport, targets, location] and [teleport, targets, destination] with inputs: [0.1 -0.5 .9, 0 0 0]
[19:23:02] [Worker-Main-2/INFO]: Loaded 7 recipes
[19:23:02] [Worker-Main-2/INFO]: Loaded 1141 advancements
[19:23:03] [main/INFO]: Applied 0 biome modifications to 0 of 61 new biomes in 3.677 ms
[19:23:03] [Server thread/INFO]: Starting minecraft server version 1.18.2
[19:23:03] [Server thread/INFO]: Loading properties
[19:23:03] [Server thread/INFO]: Default game type: SURVIVAL
[19:23:03] [Server thread/INFO]: Generating keypair
[19:23:03] [Server thread/INFO]: Starting Minecraft server on *:25565
[19:23:03] [Server thread/INFO]: Using default channel type
[19:23:04] [Server thread/WARN]: **** SERVER IS RUNNING IN OFFLINE/INSECURE MODE!
[19:23:04] [Server thread/WARN]: The server will make no attempt to authenticate usernames. Beware.
[19:23:04] [Server thread/WARN]: While this makes the game possible to play without internet access, it also opens up the ability for hackers to connect with any username they choose.
[19:23:04] [Server thread/WARN]: To change this, set "online-mode" to "true" in the server.properties file.
[19:23:04] [Server thread/INFO]: Preparing level "world"
[19:23:04] [Server thread/INFO]: [CM]: loaded setting fastRedstoneDust as true from carpet.conf
[19:23:04] [Server thread/INFO]: [CM]: loaded setting updateSuppressionCrashFix as true from carpet.conf
[19:23:04] [Server thread/INFO]: [CM]: loaded setting xpNoCooldown as true from carpet.conf
[19:23:04] [Server thread/INFO]: [CM]: loaded setting optimizedTNT as true from carpet.conf
[19:23:04] [Server thread/INFO]: [CM]: loaded setting smoothClientAnimations as true from carpet.conf
[19:23:04] [Server thread/INFO]: [CM]: loaded setting scriptsOptimization as true from carpet.conf
[19:23:04] [Server thread/INFO]: [CM]: loaded setting toggleOnlineMode as false from carpet-fixes.conf
[19:23:04] [Server thread/INFO]: [CM]: loaded setting reIntroduceItemShadowing as true from carpet-fixes.conf
[19:23:04] [Server thread/INFO]: [CM]: loaded setting optimizedTicketManager as true from carpet-fixes.conf
[19:23:04] [Server thread/INFO]: [STDOUT]: Initializing stronghold positions, this may take a while
[19:23:04] [Server thread/INFO]: [STDOUT]: Stronghold positions initialized
[19:23:04] [Server thread/INFO]: [STDOUT]: Initializing stronghold positions, this may take a while
[19:23:04] [Server thread/INFO]: [STDOUT]: Stronghold positions initialized
[19:23:04] [Server thread/INFO]: [STDOUT]: Initializing stronghold positions, this may take a while
[19:23:04] [Server thread/INFO]: [STDOUT]: Stronghold positions initialized
[19:23:04] [Server thread/INFO]: Preparing start region for dimension minecraft:overworld
[19:23:06] [Server thread/INFO]: Preparing spawn area: 0%
[19:23:06] [Server thread/INFO]: Preparing spawn area: 0%
[19:23:06] [Server thread/INFO]: Preparing spawn area: 0%
[19:23:06] [Server thread/INFO]: Preparing spawn area: 0%
[19:23:06] [Server thread/INFO]: Preparing spawn area: 1%
[19:23:07] [Server thread/INFO]: Preparing spawn area: 12%
[19:23:07] [Server thread/INFO]: Preparing spawn area: 18%
[19:23:08] [minecraft_overworld - Light/INFO]: Preparing spawn area: 22%
[19:23:08] [Server thread/INFO]: Preparing spawn area: 41%
[19:23:09] [Server thread/INFO]: Preparing spawn area: 56%
[19:23:09] [Server thread/INFO]: Preparing spawn area: 90%
[19:23:09] [Server thread/INFO]: Time elapsed: 5213 ms
[19:23:09] [Server thread/INFO]: Done (5.719s)! For help, type "help"
[19:23:09] [Server thread/INFO]: Starting GS4 status listener
[19:23:09] [Server thread/INFO]: Thread Query Listener started
[19:23:09] [Query Listener #1/INFO]: Query running on 0.0.0.0:25561
[19:23:09] [Server thread/INFO]: Starting remote control listener
[19:23:09] [Server thread/INFO]: Thread RCON Listener started
[19:23:09] [Server thread/INFO]: RCON running on 0.0.0.0:25560
[19:23:09] [Server thread/INFO]: На запуск Floodgate знадобилося 29мс
[19:23:09] [Server thread/INFO]: Автоматично завантажено ключ Floodgate
[19:23:09] [Server thread/INFO]: ******************************************
[19:23:09] [Server thread/INFO]: 
[19:23:09] [Server thread/INFO]: Завантаження Geyser версії 2.0.3-SNAPSHOT (git-c83eb7f142abe8e6d493b3e0d924765223f8e314-c83eb7f)
[19:23:09] [Server thread/INFO]: 
[19:23:09] [Server thread/INFO]: ******************************************
[19:23:13] [Server thread/INFO]: Завантажено ключ Floodgate!
[19:23:13] [Network Listener - #1/INFO]: Geyser включений на 0.0.0.0:19132
[19:23:13] [Server thread/INFO]: Готово (3,369)! Використовуйте команду /geyser help для допомоги!
[19:23:13] [Server thread/WARN]: Can't keep up! Is the server overloaded? Running 3439ms or 68 ticks behind
[19:28:52] [Server thread/INFO]: There are 0 of a max of 20 players online: 
[19:28:55] [Server thread/INFO]: Вимикання Geyser.
[19:28:55] [Server thread/INFO]: успішно вимкнено.
[19:28:55] [Server thread/INFO]: Stopping server
[19:28:55] [Server thread/INFO]: Saving players
[19:28:55] [Server thread/INFO]: Saving worlds
[19:28:55] [WebSocketConnectReadThread-70/INFO]: The skin uploader has been closed
[19:28:55] [Server thread/INFO]: Saving chunks for level 'ServerLevel[world]'/minecraft:overworld
[19:28:55] [Server thread/INFO]: Saving chunks for level 'ServerLevel[world]'/minecraft:the_nether
[19:28:55] [Server thread/INFO]: Saving chunks for level 'ServerLevel[world]'/minecraft:the_end
[19:28:55] [Server thread/INFO]: ThreadedAnvilChunkStorage (world): All chunks are saved
[19:28:55] [Server thread/INFO]: ThreadedAnvilChunkStorage (DIM-1): All chunks are saved
[19:28:55] [Server thread/INFO]: ThreadedAnvilChunkStorage (DIM1): All chunks are saved
[19:28:55] [Server thread/INFO]: ThreadedAnvilChunkStorage: All dimensions are saved
[19:28:56] [Server thread/INFO]: Thread RCON Listener stopped
[19:28:56] [Server thread/INFO]: Thread Query Listener stopped
